{
  "uid" : "26fe6fe65dea1059",
  "name" : "Unsuccessful login",
  "fullName" : "tests.test_index_page#test_unsuccessful_login",
  "historyId" : "336578245b7179fc209f63206964da12",
  "time" : {
    "start" : 1703954826987,
    "stop" : 1703954827154,
    "duration" : 167
  },
  "description" : "Unsuccess login",
  "descriptionHtml" : "<p>Unsuccess login</p>\n",
  "status" : "failed",
  "statusMessage" : "AssertionError: expected txt: Password field cannot be empt2y, but actual txt: Password field cannot be empty",
  "statusTrace" : "index_page_instance = <pages.index_page.IndexPage object at 0x7fbe56202c50>\nun_login = 'correct_username', un_password = ''\nun_text = 'Password field cannot be empt2y'\n\n    @allure.description('Unsuccess login')\n    @allure.label('owner', 'Sergey')\n    @allure.title('Unsuccessful login')\n    @allure.suite('Authorization suite')\n    @mark.index\n    @pytest.mark.parametrize('un_login, un_password, un_text', (incorrect_1, incorrect_2, incorrect_3, incorrect_4))\n    def test_unsuccessful_login(index_page_instance, un_login, un_password, un_text):\n        index_page_instance.enter_username(un_login)\n        index_page_instance.enter_password(un_password)\n        index_page_instance.click_to_login_btn()\n>       index_page_instance.verify_incorrect_login(un_text)\n\ntests/test_index_page.py:36: \n_ _ _ _ _ _ _ _ _ _ _ _ _ _ _ _ _ _ _ _ _ _ _ _ _ _ _ _ _ _ _ _ _ _ _ _ _ _ _ _ \npages/index_page.py:46: in verify_incorrect_login\n    self.assert_equal(self.get_text(self.ERROR_TEXT), expected=text)\n_ _ _ _ _ _ _ _ _ _ _ _ _ _ _ _ _ _ _ _ _ _ _ _ _ _ _ _ _ _ _ _ _ _ _ _ _ _ _ _ \n\nactual = 'Password field cannot be empty'\nexpected = 'Password field cannot be empt2y'\n\n    @staticmethod\n    def assert_equal(actual, expected):\n>       assert actual == expected, AssertionsErrors.ERROR_EQUAL.format(expected, actual)\nE       AssertionError: expected txt: Password field cannot be empt2y, but actual txt: Password field cannot be empty\n\nsupport/assertions.py:7: AssertionError",
  "flaky" : false,
  "newFailed" : false,
  "beforeStages" : [ {
    "name" : "get_webdriver",
    "time" : {
      "start" : 1703954826150,
      "stop" : 1703954826916,
      "duration" : 766
    },
    "status" : "passed",
    "steps" : [ ],
    "attachments" : [ ],
    "parameters" : [ ],
    "stepsCount" : 0,
    "attachmentsCount" : 0,
    "shouldDisplayMessage" : false,
    "hasContent" : false
  }, {
    "name" : "get_chrome_options",
    "time" : {
      "start" : 1703954826150,
      "stop" : 1703954826150,
      "duration" : 0
    },
    "status" : "passed",
    "steps" : [ ],
    "attachments" : [ ],
    "parameters" : [ ],
    "stepsCount" : 0,
    "attachmentsCount" : 0,
    "shouldDisplayMessage" : false,
    "hasContent" : false
  }, {
    "name" : "index_page_instance",
    "time" : {
      "start" : 1703954826917,
      "stop" : 1703954826987,
      "duration" : 70
    },
    "status" : "passed",
    "steps" : [ ],
    "attachments" : [ ],
    "parameters" : [ ],
    "stepsCount" : 0,
    "attachmentsCount" : 0,
    "shouldDisplayMessage" : false,
    "hasContent" : false
  }, {
    "name" : "screenshot_on_failures",
    "time" : {
      "start" : 1703954826917,
      "stop" : 1703954826917,
      "duration" : 0
    },
    "status" : "passed",
    "steps" : [ ],
    "attachments" : [ ],
    "parameters" : [ ],
    "stepsCount" : 0,
    "attachmentsCount" : 0,
    "shouldDisplayMessage" : false,
    "hasContent" : false
  } ],
  "testStage" : {
    "description" : "Unsuccess login",
    "status" : "failed",
    "statusMessage" : "AssertionError: expected txt: Password field cannot be empt2y, but actual txt: Password field cannot be empty",
    "statusTrace" : "index_page_instance = <pages.index_page.IndexPage object at 0x7fbe56202c50>\nun_login = 'correct_username', un_password = ''\nun_text = 'Password field cannot be empt2y'\n\n    @allure.description('Unsuccess login')\n    @allure.label('owner', 'Sergey')\n    @allure.title('Unsuccessful login')\n    @allure.suite('Authorization suite')\n    @mark.index\n    @pytest.mark.parametrize('un_login, un_password, un_text', (incorrect_1, incorrect_2, incorrect_3, incorrect_4))\n    def test_unsuccessful_login(index_page_instance, un_login, un_password, un_text):\n        index_page_instance.enter_username(un_login)\n        index_page_instance.enter_password(un_password)\n        index_page_instance.click_to_login_btn()\n>       index_page_instance.verify_incorrect_login(un_text)\n\ntests/test_index_page.py:36: \n_ _ _ _ _ _ _ _ _ _ _ _ _ _ _ _ _ _ _ _ _ _ _ _ _ _ _ _ _ _ _ _ _ _ _ _ _ _ _ _ \npages/index_page.py:46: in verify_incorrect_login\n    self.assert_equal(self.get_text(self.ERROR_TEXT), expected=text)\n_ _ _ _ _ _ _ _ _ _ _ _ _ _ _ _ _ _ _ _ _ _ _ _ _ _ _ _ _ _ _ _ _ _ _ _ _ _ _ _ \n\nactual = 'Password field cannot be empty'\nexpected = 'Password field cannot be empt2y'\n\n    @staticmethod\n    def assert_equal(actual, expected):\n>       assert actual == expected, AssertionsErrors.ERROR_EQUAL.format(expected, actual)\nE       AssertionError: expected txt: Password field cannot be empt2y, but actual txt: Password field cannot be empty\n\nsupport/assertions.py:7: AssertionError",
    "steps" : [ {
      "name" : "ввели логин",
      "time" : {
        "start" : 1703954826988,
        "stop" : 1703954827049,
        "duration" : 61
      },
      "status" : "passed",
      "steps" : [ ],
      "attachments" : [ ],
      "parameters" : [ {
        "name" : "login",
        "value" : "'correct_username'"
      } ],
      "stepsCount" : 0,
      "attachmentsCount" : 0,
      "shouldDisplayMessage" : false,
      "hasContent" : true
    }, {
      "name" : "ввели пароль",
      "time" : {
        "start" : 1703954827049,
        "stop" : 1703954827091,
        "duration" : 42
      },
      "status" : "passed",
      "steps" : [ ],
      "attachments" : [ ],
      "parameters" : [ {
        "name" : "password",
        "value" : "''"
      } ],
      "stepsCount" : 0,
      "attachmentsCount" : 0,
      "shouldDisplayMessage" : false,
      "hasContent" : true
    }, {
      "name" : "нажали на кнопку логина",
      "time" : {
        "start" : 1703954827091,
        "stop" : 1703954827131,
        "duration" : 40
      },
      "status" : "passed",
      "steps" : [ ],
      "attachments" : [ ],
      "parameters" : [ ],
      "stepsCount" : 0,
      "attachmentsCount" : 0,
      "shouldDisplayMessage" : false,
      "hasContent" : false
    }, {
      "name" : "проверка соответствия ошибки авторизации",
      "time" : {
        "start" : 1703954827131,
        "stop" : 1703954827154,
        "duration" : 23
      },
      "status" : "failed",
      "statusMessage" : "AssertionError: expected txt: Password field cannot be empt2y, but actual txt: Password field cannot be empty\n",
      "statusTrace" : "  File \"/home/runner/.local/lib/python3.10/site-packages/allure_commons/_allure.py\", line 192, in impl\n    return func(*a, **kw)\n  File \"/home/runner/work/test-automation/test-automation/pages/index_page.py\", line 46, in verify_incorrect_login\n    self.assert_equal(self.get_text(self.ERROR_TEXT), expected=text)\n  File \"/home/runner/work/test-automation/test-automation/support/assertions.py\", line 7, in assert_equal\n    assert actual == expected, AssertionsErrors.ERROR_EQUAL.format(expected, actual)\n",
      "steps" : [ ],
      "attachments" : [ ],
      "parameters" : [ {
        "name" : "text",
        "value" : "'Password field cannot be empt2y'"
      } ],
      "stepsCount" : 0,
      "attachmentsCount" : 0,
      "shouldDisplayMessage" : true,
      "hasContent" : true
    } ],
    "attachments" : [ {
      "uid" : "9774f4c85269afa",
      "name" : "log",
      "source" : "9774f4c85269afa.txt",
      "type" : "text/plain",
      "size" : 261
    } ],
    "parameters" : [ ],
    "stepsCount" : 4,
    "attachmentsCount" : 1,
    "shouldDisplayMessage" : true,
    "hasContent" : true
  },
  "afterStages" : [ {
    "name" : "index_page_instance::0",
    "time" : {
      "start" : 1703954827158,
      "stop" : 1703954827214,
      "duration" : 56
    },
    "status" : "passed",
    "steps" : [ ],
    "attachments" : [ ],
    "parameters" : [ ],
    "stepsCount" : 0,
    "attachmentsCount" : 0,
    "shouldDisplayMessage" : false,
    "hasContent" : false
  }, {
    "name" : "screenshot_on_failures::0",
    "time" : {
      "start" : 1703954827215,
      "stop" : 1703954827215,
      "duration" : 0
    },
    "status" : "passed",
    "steps" : [ ],
    "attachments" : [ ],
    "parameters" : [ ],
    "stepsCount" : 0,
    "attachmentsCount" : 0,
    "shouldDisplayMessage" : false,
    "hasContent" : false
  } ],
  "labels" : [ {
    "name" : "suite",
    "value" : "Authorization suite"
  }, {
    "name" : "owner",
    "value" : "Sergey"
  }, {
    "name" : "tag",
    "value" : "index"
  }, {
    "name" : "parentSuite",
    "value" : "tests"
  }, {
    "name" : "host",
    "value" : "fv-az569-346"
  }, {
    "name" : "thread",
    "value" : "4179-MainThread"
  }, {
    "name" : "framework",
    "value" : "pytest"
  }, {
    "name" : "language",
    "value" : "cpython3"
  }, {
    "name" : "package",
    "value" : "tests.test_index_page"
  }, {
    "name" : "resultFormat",
    "value" : "allure2"
  } ],
  "parameters" : [ {
    "name" : "un_login",
    "value" : "'correct_username'"
  }, {
    "name" : "un_password",
    "value" : "''"
  }, {
    "name" : "un_text",
    "value" : "'Password field cannot be empt2y'"
  } ],
  "links" : [ ],
  "hidden" : true,
  "retry" : true,
  "extra" : {
    "categories" : [ ],
    "tags" : [ "index" ]
  },
  "source" : "26fe6fe65dea1059.json",
  "parameterValues" : [ "'correct_username'", "''", "'Password field cannot be empt2y'" ]
}