{
  "uid" : "b1b04c1d1cd3e25d",
  "name" : "Unsuccessful login",
  "fullName" : "tests.test_index_page#test_unsuccessful_login",
  "historyId" : "4d34e5ea4dc5f385748ffdbab00c5734",
  "time" : {
    "start" : 1703954823738,
    "stop" : 1703954823913,
    "duration" : 175
  },
  "description" : "Unsuccess login",
  "descriptionHtml" : "<p>Unsuccess login</p>\n",
  "status" : "failed",
  "statusMessage" : "AssertionError: expected txt: Password or us2ername is incorrect, but actual txt: Password or username is incorrect",
  "statusTrace" : "index_page_instance = <pages.index_page.IndexPage object at 0x7fbe564abe80>\nun_login = 'correct_username', un_password = 'correct_username'\nun_text = 'Password or us2ername is incorrect'\n\n    @allure.description('Unsuccess login')\n    @allure.label('owner', 'Sergey')\n    @allure.title('Unsuccessful login')\n    @allure.suite('Authorization suite')\n    @mark.index\n    @pytest.mark.parametrize('un_login, un_password, un_text', (incorrect_1, incorrect_2, incorrect_3, incorrect_4))\n    def test_unsuccessful_login(index_page_instance, un_login, un_password, un_text):\n        index_page_instance.enter_username(un_login)\n        index_page_instance.enter_password(un_password)\n        index_page_instance.click_to_login_btn()\n>       index_page_instance.verify_incorrect_login(un_text)\n\ntests/test_index_page.py:36: \n_ _ _ _ _ _ _ _ _ _ _ _ _ _ _ _ _ _ _ _ _ _ _ _ _ _ _ _ _ _ _ _ _ _ _ _ _ _ _ _ \npages/index_page.py:46: in verify_incorrect_login\n    self.assert_equal(self.get_text(self.ERROR_TEXT), expected=text)\n_ _ _ _ _ _ _ _ _ _ _ _ _ _ _ _ _ _ _ _ _ _ _ _ _ _ _ _ _ _ _ _ _ _ _ _ _ _ _ _ \n\nactual = 'Password or username is incorrect'\nexpected = 'Password or us2ername is incorrect'\n\n    @staticmethod\n    def assert_equal(actual, expected):\n>       assert actual == expected, AssertionsErrors.ERROR_EQUAL.format(expected, actual)\nE       AssertionError: expected txt: Password or us2ername is incorrect, but actual txt: Password or username is incorrect\n\nsupport/assertions.py:7: AssertionError",
  "flaky" : false,
  "newFailed" : false,
  "beforeStages" : [ {
    "name" : "index_page_instance",
    "time" : {
      "start" : 1703954823653,
      "stop" : 1703954823737,
      "duration" : 84
    },
    "status" : "passed",
    "steps" : [ ],
    "attachments" : [ ],
    "parameters" : [ ],
    "stepsCount" : 0,
    "attachmentsCount" : 0,
    "shouldDisplayMessage" : false,
    "hasContent" : false
  }, {
    "name" : "get_chrome_options",
    "time" : {
      "start" : 1703954822881,
      "stop" : 1703954822881,
      "duration" : 0
    },
    "status" : "passed",
    "steps" : [ ],
    "attachments" : [ ],
    "parameters" : [ ],
    "stepsCount" : 0,
    "attachmentsCount" : 0,
    "shouldDisplayMessage" : false,
    "hasContent" : false
  }, {
    "name" : "screenshot_on_failures",
    "time" : {
      "start" : 1703954823653,
      "stop" : 1703954823653,
      "duration" : 0
    },
    "status" : "passed",
    "steps" : [ ],
    "attachments" : [ ],
    "parameters" : [ ],
    "stepsCount" : 0,
    "attachmentsCount" : 0,
    "shouldDisplayMessage" : false,
    "hasContent" : false
  }, {
    "name" : "get_webdriver",
    "time" : {
      "start" : 1703954822881,
      "stop" : 1703954823653,
      "duration" : 772
    },
    "status" : "passed",
    "steps" : [ ],
    "attachments" : [ ],
    "parameters" : [ ],
    "stepsCount" : 0,
    "attachmentsCount" : 0,
    "shouldDisplayMessage" : false,
    "hasContent" : false
  } ],
  "testStage" : {
    "description" : "Unsuccess login",
    "status" : "failed",
    "statusMessage" : "AssertionError: expected txt: Password or us2ername is incorrect, but actual txt: Password or username is incorrect",
    "statusTrace" : "index_page_instance = <pages.index_page.IndexPage object at 0x7fbe564abe80>\nun_login = 'correct_username', un_password = 'correct_username'\nun_text = 'Password or us2ername is incorrect'\n\n    @allure.description('Unsuccess login')\n    @allure.label('owner', 'Sergey')\n    @allure.title('Unsuccessful login')\n    @allure.suite('Authorization suite')\n    @mark.index\n    @pytest.mark.parametrize('un_login, un_password, un_text', (incorrect_1, incorrect_2, incorrect_3, incorrect_4))\n    def test_unsuccessful_login(index_page_instance, un_login, un_password, un_text):\n        index_page_instance.enter_username(un_login)\n        index_page_instance.enter_password(un_password)\n        index_page_instance.click_to_login_btn()\n>       index_page_instance.verify_incorrect_login(un_text)\n\ntests/test_index_page.py:36: \n_ _ _ _ _ _ _ _ _ _ _ _ _ _ _ _ _ _ _ _ _ _ _ _ _ _ _ _ _ _ _ _ _ _ _ _ _ _ _ _ \npages/index_page.py:46: in verify_incorrect_login\n    self.assert_equal(self.get_text(self.ERROR_TEXT), expected=text)\n_ _ _ _ _ _ _ _ _ _ _ _ _ _ _ _ _ _ _ _ _ _ _ _ _ _ _ _ _ _ _ _ _ _ _ _ _ _ _ _ \n\nactual = 'Password or username is incorrect'\nexpected = 'Password or us2ername is incorrect'\n\n    @staticmethod\n    def assert_equal(actual, expected):\n>       assert actual == expected, AssertionsErrors.ERROR_EQUAL.format(expected, actual)\nE       AssertionError: expected txt: Password or us2ername is incorrect, but actual txt: Password or username is incorrect\n\nsupport/assertions.py:7: AssertionError",
    "steps" : [ {
      "name" : "ввели логин",
      "time" : {
        "start" : 1703954823738,
        "stop" : 1703954823799,
        "duration" : 61
      },
      "status" : "passed",
      "steps" : [ ],
      "attachments" : [ ],
      "parameters" : [ {
        "name" : "login",
        "value" : "'correct_username'"
      } ],
      "stepsCount" : 0,
      "attachmentsCount" : 0,
      "shouldDisplayMessage" : false,
      "hasContent" : true
    }, {
      "name" : "ввели пароль",
      "time" : {
        "start" : 1703954823799,
        "stop" : 1703954823848,
        "duration" : 49
      },
      "status" : "passed",
      "steps" : [ ],
      "attachments" : [ ],
      "parameters" : [ {
        "name" : "password",
        "value" : "'correct_username'"
      } ],
      "stepsCount" : 0,
      "attachmentsCount" : 0,
      "shouldDisplayMessage" : false,
      "hasContent" : true
    }, {
      "name" : "нажали на кнопку логина",
      "time" : {
        "start" : 1703954823848,
        "stop" : 1703954823890,
        "duration" : 42
      },
      "status" : "passed",
      "steps" : [ ],
      "attachments" : [ ],
      "parameters" : [ ],
      "stepsCount" : 0,
      "attachmentsCount" : 0,
      "shouldDisplayMessage" : false,
      "hasContent" : false
    }, {
      "name" : "проверка соответствия ошибки авторизации",
      "time" : {
        "start" : 1703954823890,
        "stop" : 1703954823913,
        "duration" : 23
      },
      "status" : "failed",
      "statusMessage" : "AssertionError: expected txt: Password or us2ername is incorrect, but actual txt: Password or username is incorrect\n",
      "statusTrace" : "  File \"/home/runner/.local/lib/python3.10/site-packages/allure_commons/_allure.py\", line 192, in impl\n    return func(*a, **kw)\n  File \"/home/runner/work/test-automation/test-automation/pages/index_page.py\", line 46, in verify_incorrect_login\n    self.assert_equal(self.get_text(self.ERROR_TEXT), expected=text)\n  File \"/home/runner/work/test-automation/test-automation/support/assertions.py\", line 7, in assert_equal\n    assert actual == expected, AssertionsErrors.ERROR_EQUAL.format(expected, actual)\n",
      "steps" : [ ],
      "attachments" : [ ],
      "parameters" : [ {
        "name" : "text",
        "value" : "'Password or us2ername is incorrect'"
      } ],
      "stepsCount" : 0,
      "attachmentsCount" : 0,
      "shouldDisplayMessage" : true,
      "hasContent" : true
    } ],
    "attachments" : [ {
      "uid" : "20f7737c064d0a27",
      "name" : "log",
      "source" : "20f7737c064d0a27.txt",
      "type" : "text/plain",
      "size" : 261
    } ],
    "parameters" : [ ],
    "stepsCount" : 4,
    "attachmentsCount" : 1,
    "shouldDisplayMessage" : true,
    "hasContent" : true
  },
  "afterStages" : [ {
    "name" : "index_page_instance::0",
    "time" : {
      "start" : 1703954823917,
      "stop" : 1703954823973,
      "duration" : 56
    },
    "status" : "passed",
    "steps" : [ ],
    "attachments" : [ ],
    "parameters" : [ ],
    "stepsCount" : 0,
    "attachmentsCount" : 0,
    "shouldDisplayMessage" : false,
    "hasContent" : false
  }, {
    "name" : "screenshot_on_failures::0",
    "time" : {
      "start" : 1703954823973,
      "stop" : 1703954823973,
      "duration" : 0
    },
    "status" : "passed",
    "steps" : [ ],
    "attachments" : [ ],
    "parameters" : [ ],
    "stepsCount" : 0,
    "attachmentsCount" : 0,
    "shouldDisplayMessage" : false,
    "hasContent" : false
  } ],
  "labels" : [ {
    "name" : "suite",
    "value" : "Authorization suite"
  }, {
    "name" : "owner",
    "value" : "Sergey"
  }, {
    "name" : "tag",
    "value" : "index"
  }, {
    "name" : "parentSuite",
    "value" : "tests"
  }, {
    "name" : "host",
    "value" : "fv-az569-346"
  }, {
    "name" : "thread",
    "value" : "4179-MainThread"
  }, {
    "name" : "framework",
    "value" : "pytest"
  }, {
    "name" : "language",
    "value" : "cpython3"
  }, {
    "name" : "package",
    "value" : "tests.test_index_page"
  }, {
    "name" : "resultFormat",
    "value" : "allure2"
  } ],
  "parameters" : [ {
    "name" : "un_login",
    "value" : "'correct_username'"
  }, {
    "name" : "un_password",
    "value" : "'correct_username'"
  }, {
    "name" : "un_text",
    "value" : "'Password or us2ername is incorrect'"
  } ],
  "links" : [ ],
  "hidden" : true,
  "retry" : true,
  "extra" : {
    "categories" : [ ],
    "tags" : [ "index" ]
  },
  "source" : "b1b04c1d1cd3e25d.json",
  "parameterValues" : [ "'correct_username'", "'correct_username'", "'Password or us2ername is incorrect'" ]
}