{
  "uid" : "bc66c6b5998194a",
  "name" : "Unsuccessful login",
  "fullName" : "tests.test_index_page#test_unsuccessful_login",
  "historyId" : "3ffef4f4d17d5e07156ff9e8459d4a9c",
  "time" : {
    "start" : 1703962790666,
    "stop" : 1703962790666,
    "duration" : 0
  },
  "description" : "Unsuccess login",
  "descriptionHtml" : "<p>Unsuccess login</p>\n",
  "status" : "broken",
  "statusMessage" : "selenium.common.exceptions.SessionNotCreatedException: Message: session not created: Chrome failed to start: exited normally.\n  (session not created: DevToolsActivePort file doesn't exist)\n  (The process started from chrome location /opt/google/chrome/chrome is no longer running, so ChromeDriver is assuming that Chrome has crashed.)\nStacktrace:\n#0 0x564e85aecf83 <unknown>\n#1 0x564e857a5cf7 <unknown>\n#2 0x564e857dd60e <unknown>\n#3 0x564e857da26e <unknown>\n#4 0x564e8582a80c <unknown>\n#5 0x564e8581ee53 <unknown>\n#6 0x564e857e6dd4 <unknown>\n#7 0x564e857e81de <unknown>\n#8 0x564e85ab1531 <unknown>\n#9 0x564e85ab5455 <unknown>\n#10 0x564e85a9df55 <unknown>\n#11 0x564e85ab60ef <unknown>\n#12 0x564e85a8199f <unknown>\n#13 0x564e85ada008 <unknown>\n#14 0x564e85ada1d7 <unknown>\n#15 0x564e85aec124 <unknown>\n#16 0x7f1718c94ac3 <unknown>",
  "statusTrace" : "get_chrome_options = <selenium.webdriver.chrome.options.Options object at 0x7fe0201b49d0>\n\n    @pytest.fixture(scope='function')\n    def get_webdriver(get_chrome_options):\n>       driver = webdriver.Chrome(options=get_chrome_options, service=Service(ChromeDriverManager().install()))\n\nconftest.py:28: \n_ _ _ _ _ _ _ _ _ _ _ _ _ _ _ _ _ _ _ _ _ _ _ _ _ _ _ _ _ _ _ _ _ _ _ _ _ _ _ _ \n../../../.local/lib/python3.10/site-packages/selenium/webdriver/chrome/webdriver.py:45: in __init__\n    super().__init__(\n../../../.local/lib/python3.10/site-packages/selenium/webdriver/chromium/webdriver.py:61: in __init__\n    super().__init__(command_executor=executor, options=options)\n../../../.local/lib/python3.10/site-packages/selenium/webdriver/remote/webdriver.py:209: in __init__\n    self.start_session(capabilities)\n../../../.local/lib/python3.10/site-packages/selenium/webdriver/remote/webdriver.py:293: in start_session\n    response = self.execute(Command.NEW_SESSION, caps)[\"value\"]\n../../../.local/lib/python3.10/site-packages/selenium/webdriver/remote/webdriver.py:348: in execute\n    self.error_handler.check_response(response)\n_ _ _ _ _ _ _ _ _ _ _ _ _ _ _ _ _ _ _ _ _ _ _ _ _ _ _ _ _ _ _ _ _ _ _ _ _ _ _ _ \n\nself = <selenium.webdriver.remote.errorhandler.ErrorHandler object at 0x7fe0201b5420>\nresponse = {'status': 500, 'value': '{\"value\":{\"error\":\"session not created\",\"message\":\"session not created: Chrome failed to sta...\\\\n#14 0x564e85ada1d7 \\\\u003Cunknown>\\\\n#15 0x564e85aec124 \\\\u003Cunknown>\\\\n#16 0x7f1718c94ac3 \\\\u003Cunknown>\\\\n\"}}'}\n\n    def check_response(self, response: Dict[str, Any]) -> None:\n        \"\"\"Checks that a JSON response from the WebDriver does not have an\n        error.\n    \n        :Args:\n         - response - The JSON response from the WebDriver server as a dictionary\n           object.\n    \n        :Raises: If the response contains an error message.\n        \"\"\"\n        status = response.get(\"status\", None)\n        if not status or status == ErrorCode.SUCCESS:\n            return\n        value = None\n        message = response.get(\"message\", \"\")\n        screen: str = response.get(\"screen\", \"\")\n        stacktrace = None\n        if isinstance(status, int):\n            value_json = response.get(\"value\", None)\n            if value_json and isinstance(value_json, str):\n                import json\n    \n                try:\n                    value = json.loads(value_json)\n                    if len(value) == 1:\n                        value = value[\"value\"]\n                    status = value.get(\"error\", None)\n                    if not status:\n                        status = value.get(\"status\", ErrorCode.UNKNOWN_ERROR)\n                        message = value.get(\"value\") or value.get(\"message\")\n                        if not isinstance(message, str):\n                            value = message\n                            message = message.get(\"message\")\n                    else:\n                        message = value.get(\"message\", None)\n                except ValueError:\n                    pass\n    \n        exception_class: Type[WebDriverException]\n        e = ErrorCode()\n        error_codes = [item for item in dir(e) if not item.startswith(\"__\")]\n        for error_code in error_codes:\n            error_info = getattr(ErrorCode, error_code)\n            if isinstance(error_info, list) and status in error_info:\n                exception_class = getattr(ExceptionMapping, error_code, WebDriverException)\n                break\n        else:\n            exception_class = WebDriverException\n    \n        if not value:\n            value = response[\"value\"]\n        if isinstance(value, str):\n            raise exception_class(value)\n        if message == \"\" and \"message\" in value:\n            message = value[\"message\"]\n    \n        screen = None  # type: ignore[assignment]\n        if \"screen\" in value:\n            screen = value[\"screen\"]\n    \n        stacktrace = None\n        st_value = value.get(\"stackTrace\") or value.get(\"stacktrace\")\n        if st_value:\n            if isinstance(st_value, str):\n                stacktrace = st_value.split(\"\\n\")\n            else:\n                stacktrace = []\n                try:\n                    for frame in st_value:\n                        line = frame.get(\"lineNumber\", \"\")\n                        file = frame.get(\"fileName\", \"<anonymous>\")\n                        if line:\n                            file = f\"{file}:{line}\"\n                        meth = frame.get(\"methodName\", \"<anonymous>\")\n                        if \"className\" in frame:\n                            meth = f\"{frame['className']}.{meth}\"\n                        msg = \"    at %s (%s)\"\n                        msg = msg % (meth, file)\n                        stacktrace.append(msg)\n                except TypeError:\n                    pass\n        if exception_class == UnexpectedAlertPresentException:\n            alert_text = None\n            if \"data\" in value:\n                alert_text = value[\"data\"].get(\"text\")\n            elif \"alert\" in value:\n                alert_text = value[\"alert\"].get(\"text\")\n            raise exception_class(message, screen, stacktrace, alert_text)  # type: ignore[call-arg]  # mypy is not smart enough here\n>       raise exception_class(message, screen, stacktrace)\nE       selenium.common.exceptions.SessionNotCreatedException: Message: session not created: Chrome failed to start: exited normally.\nE         (session not created: DevToolsActivePort file doesn't exist)\nE         (The process started from chrome location /opt/google/chrome/chrome is no longer running, so ChromeDriver is assuming that Chrome has crashed.)\nE       Stacktrace:\nE       #0 0x564e85aecf83 <unknown>\nE       #1 0x564e857a5cf7 <unknown>\nE       #2 0x564e857dd60e <unknown>\nE       #3 0x564e857da26e <unknown>\nE       #4 0x564e8582a80c <unknown>\nE       #5 0x564e8581ee53 <unknown>\nE       #6 0x564e857e6dd4 <unknown>\nE       #7 0x564e857e81de <unknown>\nE       #8 0x564e85ab1531 <unknown>\nE       #9 0x564e85ab5455 <unknown>\nE       #10 0x564e85a9df55 <unknown>\nE       #11 0x564e85ab60ef <unknown>\nE       #12 0x564e85a8199f <unknown>\nE       #13 0x564e85ada008 <unknown>\nE       #14 0x564e85ada1d7 <unknown>\nE       #15 0x564e85aec124 <unknown>\nE       #16 0x7f1718c94ac3 <unknown>\n\n../../../.local/lib/python3.10/site-packages/selenium/webdriver/remote/errorhandler.py:229: SessionNotCreatedException",
  "flaky" : false,
  "newFailed" : false,
  "beforeStages" : [ {
    "name" : "get_chrome_options",
    "time" : {
      "start" : 1703962790666,
      "stop" : 1703962790666,
      "duration" : 0
    },
    "status" : "passed",
    "steps" : [ ],
    "attachments" : [ ],
    "parameters" : [ ],
    "stepsCount" : 0,
    "attachmentsCount" : 0,
    "shouldDisplayMessage" : false,
    "hasContent" : false
  }, {
    "name" : "get_webdriver",
    "time" : {
      "start" : 1703962790666,
      "stop" : 1703962791449,
      "duration" : 783
    },
    "status" : "broken",
    "statusMessage" : "selenium.common.exceptions.SessionNotCreatedException: Message: session not created: Chrome failed to start: exited normally.\n  (session not created: DevToolsActivePort file doesn't exist)\n  (The process started from chrome location /opt/google/chrome/chrome is no longer running, so ChromeDriver is assuming that Chrome has crashed.)\nStacktrace:\n#0 0x564e85aecf83 <unknown>\n#1 0x564e857a5cf7 <unknown>\n#2 0x564e857dd60e <unknown>\n#3 0x564e857da26e <unknown>\n#4 0x564e8582a80c <unknown>\n#5 0x564e8581ee53 <unknown>\n#6 0x564e857e6dd4 <unknown>\n#7 0x564e857e81de <unknown>\n#8 0x564e85ab1531 <unknown>\n#9 0x564e85ab5455 <unknown>\n#10 0x564e85a9df55 <unknown>\n#11 0x564e85ab60ef <unknown>\n#12 0x564e85a8199f <unknown>\n#13 0x564e85ada008 <unknown>\n#14 0x564e85ada1d7 <unknown>\n#15 0x564e85aec124 <unknown>\n#16 0x7f1718c94ac3 <unknown>\n\n",
    "statusTrace" : "  File \"/home/runner/.local/lib/python3.10/site-packages/pluggy/_callers.py\", line 77, in _multicall\n    res = hook_impl.function(*args)\n  File \"/home/runner/.local/lib/python3.10/site-packages/_pytest/fixtures.py\", line 1123, in pytest_fixture_setup\n    result = call_fixture_func(fixturefunc, request, kwargs)\n  File \"/home/runner/.local/lib/python3.10/site-packages/_pytest/fixtures.py\", line 902, in call_fixture_func\n    fixture_result = fixturefunc(**kwargs)\n  File \"/home/runner/work/test-automation/test-automation/conftest.py\", line 28, in get_webdriver\n    driver = webdriver.Chrome(options=get_chrome_options, service=Service(ChromeDriverManager().install()))\n  File \"/home/runner/.local/lib/python3.10/site-packages/selenium/webdriver/chrome/webdriver.py\", line 45, in __init__\n    super().__init__(\n  File \"/home/runner/.local/lib/python3.10/site-packages/selenium/webdriver/chromium/webdriver.py\", line 61, in __init__\n    super().__init__(command_executor=executor, options=options)\n  File \"/home/runner/.local/lib/python3.10/site-packages/selenium/webdriver/remote/webdriver.py\", line 209, in __init__\n    self.start_session(capabilities)\n  File \"/home/runner/.local/lib/python3.10/site-packages/selenium/webdriver/remote/webdriver.py\", line 293, in start_session\n    response = self.execute(Command.NEW_SESSION, caps)[\"value\"]\n  File \"/home/runner/.local/lib/python3.10/site-packages/selenium/webdriver/remote/webdriver.py\", line 348, in execute\n    self.error_handler.check_response(response)\n  File \"/home/runner/.local/lib/python3.10/site-packages/selenium/webdriver/remote/errorhandler.py\", line 229, in check_response\n    raise exception_class(message, screen, stacktrace)\n",
    "steps" : [ ],
    "attachments" : [ ],
    "parameters" : [ ],
    "stepsCount" : 0,
    "attachmentsCount" : 0,
    "shouldDisplayMessage" : true,
    "hasContent" : true
  } ],
  "afterStages" : [ ],
  "labels" : [ {
    "name" : "owner",
    "value" : "Sergey"
  }, {
    "name" : "suite",
    "value" : "Authorization suite"
  }, {
    "name" : "tag",
    "value" : "index"
  }, {
    "name" : "parentSuite",
    "value" : "tests"
  }, {
    "name" : "host",
    "value" : "fv-az1215-329"
  }, {
    "name" : "thread",
    "value" : "4179-MainThread"
  }, {
    "name" : "framework",
    "value" : "pytest"
  }, {
    "name" : "language",
    "value" : "cpython3"
  }, {
    "name" : "package",
    "value" : "tests.test_index_page"
  }, {
    "name" : "resultFormat",
    "value" : "allure2"
  } ],
  "parameters" : [ {
    "name" : "un_login",
    "value" : "''"
  }, {
    "name" : "un_password",
    "value" : "''"
  }, {
    "name" : "un_text",
    "value" : "'Username and password fields cannot be empty'"
  } ],
  "links" : [ ],
  "hidden" : false,
  "retry" : false,
  "extra" : {
    "severity" : "normal",
    "owner" : "Sergey",
    "retries" : [ ],
    "categories" : [ {
      "name" : "Test defects",
      "matchedStatuses" : [ ],
      "flaky" : false
    } ],
    "tags" : [ "index" ]
  },
  "source" : "bc66c6b5998194a.json",
  "parameterValues" : [ "''", "''", "'Username and password fields cannot be empty'" ]
}